<?xml version="1.0" encoding="UTF-8"?>
<!-- Generated by org.testng.reporters.JUnitReportReporter -->
<testsuite hostname="DESKTOP-NAOH1OD" failures="0" tests="1" name="SeleniumTest" time="0.007" errors="0" timestamp="2023-04-21T18:21:44 CEST" skipped="0">
  <testcase classname="SeleniumTest" name="sampleTest" time="0.007"/>
  <system-out/>
</testsuite> <!-- SeleniumTest -->
